[2019-12-11 12:27:58,549] INFO [GroupCoordinator 0]: Member consumer-1-d338281e-7c7e-4c4a-bd6b-f88d4ce0f555 in group test has failed, removing it from the group (kafka.coordinator.group.GroupCoordinator)
[2019-12-11 12:27:58,877] INFO [GroupCoordinator 0]: Preparing to rebalance group test in state PreparingRebalance with old generation 3 (__consumer_offsets-48) (reason: removing member consumer-1-d338281e-7c7e-4c4a-bd6b-f88d4ce0f555 on heartbeat expiration) (kafka.coordinator.group.GroupCoordinator)
[2019-12-11 12:27:58,546] INFO Expiring session 0x100134187520001, timeout of 6000ms exceeded (org.apache.zookeeper.server.ZooKeeperServer)
[2019-12-11 12:27:58,557] WARN Client session timed out, have not heard from server in 4444145ms for sessionid 0x100134187520001 (org.apache.zookeeper.ClientCnxn)
[2019-12-11 12:27:58,935] INFO Client session timed out, have not heard from server in 4444145ms for sessionid 0x100134187520001, closing socket connection and attempting reconnect (org.apache.zookeeper.ClientCnxn)
[2019-12-11 12:27:58,935] INFO Processed session termination for sessionid: 0x100134187520001 (org.apache.zookeeper.server.PrepRequestProcessor)
[2019-12-11 12:27:58,935] WARN Unable to read additional data from client sessionid 0x100134187520001, likely client has closed socket (org.apache.zookeeper.server.NIOServerCnxn)
[2019-12-11 12:27:58,977] INFO Closed socket connection for client /0:0:0:0:0:0:0:1:51600 which had sessionid 0x100134187520001 (org.apache.zookeeper.server.NIOServerCnxn)
[2019-12-11 12:27:59,029] INFO [GroupCoordinator 0]: Stabilized group test generation 4 (__consumer_offsets-48) (kafka.coordinator.group.GroupCoordinator)
[2019-12-11 12:27:59,035] INFO [GroupCoordinator 0]: Assignment received from leader for group test for generation 4 (kafka.coordinator.group.GroupCoordinator)
[2019-12-11 12:28:00,148] INFO Opening socket connection to server localhost/0:0:0:0:0:0:0:1:2181. Will not attempt to authenticate using SASL (unknown error) (org.apache.zookeeper.ClientCnxn)
[2019-12-11 12:28:00,150] INFO Accepted socket connection from /0:0:0:0:0:0:0:1:51990 (org.apache.zookeeper.server.NIOServerCnxnFactory)
[2019-12-11 12:28:00,150] INFO Socket connection established to localhost/0:0:0:0:0:0:0:1:2181, initiating session (org.apache.zookeeper.ClientCnxn)
[2019-12-11 12:28:00,161] INFO Client attempting to renew session 0x100134187520001 at /0:0:0:0:0:0:0:1:51990 (org.apache.zookeeper.server.ZooKeeperServer)
[2019-12-11 12:28:00,162] WARN Unable to reconnect to ZooKeeper service, session 0x100134187520001 has expired (org.apache.zookeeper.ClientCnxn)
[2019-12-11 12:28:00,162] INFO EventThread shut down for session: 0x100134187520001 (org.apache.zookeeper.ClientCnxn)
[2019-12-11 12:28:00,162] INFO Unable to reconnect to ZooKeeper service, session 0x100134187520001 has expired, closing socket connection (org.apache.zookeeper.ClientCnxn)
[2019-12-11 12:28:00,162] INFO [ZooKeeperClient Kafka server] Session expired. (kafka.zookeeper.ZooKeeperClient)
[2019-12-11 12:28:00,165] INFO Invalid session 0x100134187520001 for client /0:0:0:0:0:0:0:1:51990, probably expired (org.apache.zookeeper.server.ZooKeeperServer)
[2019-12-11 12:28:00,165] INFO [ZooKeeperClient Kafka server] Initializing a new session to localhost:2181. (kafka.zookeeper.ZooKeeperClient)
[2019-12-11 12:28:00,166] INFO Initiating client connection, connectString=localhost:2181 sessionTimeout=6000 watcher=kafka.zookeeper.ZooKeeperClient$ZooKeeperClientWatcher$@5be1d0a4 (org.apache.zookeeper.ZooKeeper)
[2019-12-11 12:28:00,166] INFO Closed socket connection for client /0:0:0:0:0:0:0:1:51990 which had sessionid 0x100134187520001 (org.apache.zookeeper.server.NIOServerCnxn)
[2019-12-11 12:28:00,188] INFO Opening socket connection to server localhost/0:0:0:0:0:0:0:1:2181. Will not attempt to authenticate using SASL (unknown error) (org.apache.zookeeper.ClientCnxn)
[2019-12-11 12:28:00,190] INFO Accepted socket connection from /0:0:0:0:0:0:0:1:51993 (org.apache.zookeeper.server.NIOServerCnxnFactory)
[2019-12-11 12:28:00,190] INFO Socket connection established to localhost/0:0:0:0:0:0:0:1:2181, initiating session (org.apache.zookeeper.ClientCnxn)
[2019-12-11 12:28:00,194] INFO Creating /brokers/ids/0 (is it secure? false) (kafka.zk.KafkaZkClient)
[2019-12-11 12:28:00,197] INFO Client attempting to establish new session at /0:0:0:0:0:0:0:1:51993 (org.apache.zookeeper.server.ZooKeeperServer)
[2019-12-11 12:28:00,207] INFO Established session 0x100134187520002 with negotiated timeout 6000 for client /0:0:0:0:0:0:0:1:51993 (org.apache.zookeeper.server.ZooKeeperServer)
[2019-12-11 12:28:00,208] INFO Session establishment complete on server localhost/0:0:0:0:0:0:0:1:2181, sessionid = 0x100134187520002, negotiated timeout = 6000 (org.apache.zookeeper.ClientCnxn)
[2019-12-11 12:28:00,227] INFO Stat of the created znode at /brokers/ids/0 is: 146,146,1576063680215,1576063680215,1,0,0,72078766202028034,200,0,146
 (kafka.zk.KafkaZkClient)
[2019-12-11 12:28:00,231] INFO Registered broker 0 at path /brokers/ids/0 with addresses: ArrayBuffer(EndPoint(DESKTOP-F6NAMBO,9092,ListenerName(PLAINTEXT),PLAINTEXT)), czxid (broker epoch): 146 (kafka.zk.KafkaZkClient)
[2019-12-11 12:28:00,334] INFO Got user-level KeeperException when processing sessionid:0x100134187520002 type:multi cxid:0x49 zxid:0x94 txntype:-1 reqpath:n/a aborting remaining multi ops. Error Path:/admin/preferred_replica_election Error:KeeperErrorCode = NoNode for /admin/preferred_replica_election (org.apache.zookeeper.server.PrepRequestProcessor)
[2019-12-11 12:29:20,404] INFO [GroupMetadataManager brokerId=0] Removed 0 expired offsets in 0 milliseconds. (kafka.coordinator.group.GroupMetadataManager)
[2019-12-11 12:29:20,404] INFO [GroupMetadataManager brokerId=0] Removed 0 expired offsets in 0 milliseconds. (kafka.coordinator.group.GroupMetadataManager)
[2019-12-11 12:29:20,406] INFO [GroupMetadataManager brokerId=0] Removed 0 expired offsets in 0 milliseconds. (kafka.coordinator.group.GroupMetadataManager)
[2019-12-11 12:29:20,406] INFO [GroupMetadataManager brokerId=0] Removed 0 expired offsets in 0 milliseconds. (kafka.coordinator.group.GroupMetadataManager)
[2019-12-11 12:29:20,407] INFO [GroupMetadataManager brokerId=0] Removed 0 expired offsets in 0 milliseconds. (kafka.coordinator.group.GroupMetadataManager)
[2019-12-11 12:29:20,407] INFO [GroupMetadataManager brokerId=0] Removed 0 expired offsets in 0 milliseconds. (kafka.coordinator.group.GroupMetadataManager)
[2019-12-11 12:29:20,407] INFO [GroupMetadataManager brokerId=0] Removed 0 expired offsets in 0 milliseconds. (kafka.coordinator.group.GroupMetadataManager)
[2019-12-11 12:29:20,408] INFO [GroupMetadataManager brokerId=0] Removed 0 expired offsets in 0 milliseconds. (kafka.coordinator.group.GroupMetadataManager)
[2019-12-11 12:33:14,211] INFO [GroupCoordinator 0]: Member consumer-1-5fc75235-c5b1-4fd0-b12e-49783ae31898 in group test has left, removing it from the group (kafka.coordinator.group.GroupCoordinator)
[2019-12-11 12:33:14,212] INFO [GroupCoordinator 0]: Preparing to rebalance group test in state PreparingRebalance with old generation 4 (__consumer_offsets-48) (reason: removing member consumer-1-5fc75235-c5b1-4fd0-b12e-49783ae31898 on LeaveGroup) (kafka.coordinator.group.GroupCoordinator)
[2019-12-11 12:33:17,099] INFO [GroupCoordinator 0]: Stabilized group test generation 5 (__consumer_offsets-48) (kafka.coordinator.group.GroupCoordinator)
[2019-12-11 12:33:17,100] INFO [GroupCoordinator 0]: Assignment received from leader for group test for generation 5 (kafka.coordinator.group.GroupCoordinator)
[2019-12-11 12:35:18,613] INFO [GroupMetadataManager brokerId=0] Removed 0 expired offsets in 0 milliseconds. (kafka.coordinator.group.GroupMetadataManager)
[2019-12-11 12:45:18,611] INFO [GroupMetadataManager brokerId=0] Removed 0 expired offsets in 0 milliseconds. (kafka.coordinator.group.GroupMetadataManager)
[2019-12-11 12:55:18,611] INFO [GroupMetadataManager brokerId=0] Removed 0 expired offsets in 0 milliseconds. (kafka.coordinator.group.GroupMetadataManager)
[2019-12-12 18:40:43,827] INFO Expiring session 0x100134187520002, timeout of 6000ms exceeded (org.apache.zookeeper.server.ZooKeeperServer)
[2019-12-12 18:40:45,221] INFO Processed session termination for sessionid: 0x100134187520002 (org.apache.zookeeper.server.PrepRequestProcessor)
[2019-12-12 18:40:45,248] INFO Closed socket connection for client /0:0:0:0:0:0:0:1:51993 which had sessionid 0x100134187520002 (org.apache.zookeeper.server.NIOServerCnxn)
[2019-12-12 18:40:44,855] WARN Client session timed out, have not heard from server in 106903486ms for sessionid 0x100134187520002 (org.apache.zookeeper.ClientCnxn)
[2019-12-12 18:40:45,532] INFO Client session timed out, have not heard from server in 106903486ms for sessionid 0x100134187520002, closing socket connection and attempting reconnect (org.apache.zookeeper.ClientCnxn)
[2019-12-12 18:40:44,858] WARN Attempting to send response via channel for which there is no open connection, connection id 192.168.56.1:9092-192.168.56.1:52080-12 (kafka.network.Processor)
[2019-12-12 18:40:44,855] INFO [GroupCoordinator 0]: Member consumer-1-e22888ba-5690-4cb1-ab6e-b23164635edf in group test has failed, removing it from the group (kafka.coordinator.group.GroupCoordinator)
[2019-12-12 18:40:45,539] INFO [GroupCoordinator 0]: Preparing to rebalance group test in state PreparingRebalance with old generation 5 (__consumer_offsets-48) (reason: removing member consumer-1-e22888ba-5690-4cb1-ab6e-b23164635edf on heartbeat expiration) (kafka.coordinator.group.GroupCoordinator)
[2019-12-12 18:40:45,545] INFO [GroupCoordinator 0]: Member consumer-1-df67c6a5-84a8-48eb-8a3f-17c533150ebd in group test has failed, removing it from the group (kafka.coordinator.group.GroupCoordinator)
[2019-12-12 18:40:45,546] INFO [GroupCoordinator 0]: Group test with generation 6 is now empty (__consumer_offsets-48) (kafka.coordinator.group.GroupCoordinator)
[2019-12-12 18:40:45,585] INFO [GroupCoordinator 0]: Preparing to rebalance group test in state PreparingRebalance with old generation 6 (__consumer_offsets-48) (reason: Adding new member consumer-1-afa4a222-7864-4b94-ba7c-9b1e73a9c02d with group instanceid None) (kafka.coordinator.group.GroupCoordinator)
[2019-12-12 18:40:45,594] INFO [GroupCoordinator 0]: Stabilized group test generation 7 (__consumer_offsets-48) (kafka.coordinator.group.GroupCoordinator)
[2019-12-12 18:40:45,598] INFO [GroupCoordinator 0]: Assignment received from leader for group test for generation 7 (kafka.coordinator.group.GroupCoordinator)
[2019-12-12 18:40:46,746] INFO Opening socket connection to server localhost/0:0:0:0:0:0:0:1:2181. Will not attempt to authenticate using SASL (unknown error) (org.apache.zookeeper.ClientCnxn)
[2019-12-12 18:40:46,748] INFO Accepted socket connection from /0:0:0:0:0:0:0:1:52303 (org.apache.zookeeper.server.NIOServerCnxnFactory)
[2019-12-12 18:40:46,748] INFO Socket connection established to localhost/0:0:0:0:0:0:0:1:2181, initiating session (org.apache.zookeeper.ClientCnxn)
[2019-12-12 18:40:46,760] INFO Client attempting to renew session 0x100134187520002 at /0:0:0:0:0:0:0:1:52303 (org.apache.zookeeper.server.ZooKeeperServer)
[2019-12-12 18:40:46,761] WARN Unable to reconnect to ZooKeeper service, session 0x100134187520002 has expired (org.apache.zookeeper.ClientCnxn)
[2019-12-12 18:40:46,761] INFO Invalid session 0x100134187520002 for client /0:0:0:0:0:0:0:1:52303, probably expired (org.apache.zookeeper.server.ZooKeeperServer)
[2019-12-12 18:40:46,762] INFO Unable to reconnect to ZooKeeper service, session 0x100134187520002 has expired, closing socket connection (org.apache.zookeeper.ClientCnxn)
[2019-12-12 18:40:46,764] INFO Closed socket connection for client /0:0:0:0:0:0:0:1:52303 which had sessionid 0x100134187520002 (org.apache.zookeeper.server.NIOServerCnxn)
[2019-12-12 18:40:46,763] INFO [ZooKeeperClient Kafka server] Session expired. (kafka.zookeeper.ZooKeeperClient)
[2019-12-12 18:40:46,762] INFO EventThread shut down for session: 0x100134187520002 (org.apache.zookeeper.ClientCnxn)
[2019-12-12 18:40:46,780] INFO [ZooKeeperClient Kafka server] Initializing a new session to localhost:2181. (kafka.zookeeper.ZooKeeperClient)
[2019-12-12 18:40:46,787] INFO Initiating client connection, connectString=localhost:2181 sessionTimeout=6000 watcher=kafka.zookeeper.ZooKeeperClient$ZooKeeperClientWatcher$@5be1d0a4 (org.apache.zookeeper.ZooKeeper)
[2019-12-12 18:40:46,800] INFO Creating /brokers/ids/0 (is it secure? false) (kafka.zk.KafkaZkClient)
[2019-12-12 18:40:46,812] INFO Opening socket connection to server localhost/0:0:0:0:0:0:0:1:2181. Will not attempt to authenticate using SASL (unknown error) (org.apache.zookeeper.ClientCnxn)
[2019-12-12 18:40:46,813] INFO Socket connection established to localhost/0:0:0:0:0:0:0:1:2181, initiating session (org.apache.zookeeper.ClientCnxn)
[2019-12-12 18:40:46,813] INFO Accepted socket connection from /0:0:0:0:0:0:0:1:52307 (org.apache.zookeeper.server.NIOServerCnxnFactory)
[2019-12-12 18:40:46,816] INFO Client attempting to establish new session at /0:0:0:0:0:0:0:1:52307 (org.apache.zookeeper.server.ZooKeeperServer)
[2019-12-12 18:40:46,831] INFO Session establishment complete on server localhost/0:0:0:0:0:0:0:1:2181, sessionid = 0x100134187520003, negotiated timeout = 6000 (org.apache.zookeeper.ClientCnxn)
[2019-12-12 18:40:46,831] INFO Established session 0x100134187520003 with negotiated timeout 6000 for client /0:0:0:0:0:0:0:1:52307 (org.apache.zookeeper.server.ZooKeeperServer)
[2019-12-12 18:40:46,843] INFO Stat of the created znode at /brokers/ids/0 is: 151,151,1576172446836,1576172446836,1,0,0,72078766202028035,200,0,151
 (kafka.zk.KafkaZkClient)
[2019-12-12 18:40:46,845] INFO Registered broker 0 at path /brokers/ids/0 with addresses: ArrayBuffer(EndPoint(DESKTOP-F6NAMBO,9092,ListenerName(PLAINTEXT),PLAINTEXT)), czxid (broker epoch): 151 (kafka.zk.KafkaZkClient)
[2019-12-12 18:40:46,965] INFO Got user-level KeeperException when processing sessionid:0x100134187520003 type:multi cxid:0x49 zxid:0x99 txntype:-1 reqpath:n/a aborting remaining multi ops. Error Path:/admin/preferred_replica_election Error:KeeperErrorCode = NoNode for /admin/preferred_replica_election (org.apache.zookeeper.server.PrepRequestProcessor)
[2019-12-12 18:41:18,215] INFO [GroupCoordinator 0]: Preparing to rebalance group test in state PreparingRebalance with old generation 7 (__consumer_offsets-48) (reason: Adding new member consumer-1-ba90273b-7ade-419f-acf8-35aa1fc8ff9b with group instanceid None) (kafka.coordinator.group.GroupCoordinator)
[2019-12-12 18:41:18,628] INFO [GroupCoordinator 0]: Stabilized group test generation 8 (__consumer_offsets-48) (kafka.coordinator.group.GroupCoordinator)
[2019-12-12 18:41:18,632] INFO [GroupCoordinator 0]: Assignment received from leader for group test for generation 8 (kafka.coordinator.group.GroupCoordinator)
[2019-12-12 18:41:21,535] INFO Socket error occurred: localhost/0:0:0:0:0:0:0:1:2181: Connection reset (org.apache.zookeeper.ClientCnxn)
[2019-12-12 18:41:22,865] INFO Opening socket connection to server localhost/0:0:0:0:0:0:0:1:2181. Will not attempt to authenticate using SASL (unknown error) (org.apache.zookeeper.ClientCnxn)
[2019-12-12 18:41:24,885] INFO Socket error occurred: localhost/0:0:0:0:0:0:0:1:2181: Connection refused: no further information (org.apache.zookeeper.ClientCnxn)
[2019-12-12 18:41:26,114] INFO Opening socket connection to server localhost/0:0:0:0:0:0:0:1:2181. Will not attempt to authenticate using SASL (unknown error) (org.apache.zookeeper.ClientCnxn)
